<?xml version="1.0" encoding="UTF-8"?>
<!-- Generated by org.testng.reporters.JUnitXMLReporter -->
<testsuite hostname="AL197015" ignored="0" name="Command line test" tests="3" failures="0" timestamp="15 mar 2017 23:35:21 GMT" time="0.045" errors="0">
  <testcase name="shouldFireAnExeption" time="0.01" classname="co.edu.uelbosque.essatueb.sortbigfiles.MainTest"/>
  <testcase name="theFileDoesNotExist" time="0.007" classname="co.edu.uelbosque.essatueb.sortbigfiles.MainTest"/>
  <testcase name="theFilePathShouldBeValidAndReadable" time="0.002" classname="co.edu.uelbosque.essatueb.sortbigfiles.MainTest"/>
</testsuite> <!-- Command line test -->
