<?xml version="1.0" encoding="UTF-8"?>
<!-- Generated by org.testng.reporters.JUnitXMLReporter -->
<testsuite hostname="AL197015" ignored="0" name="Command line test" tests="2" failures="0" timestamp="16 mar 2017 00:26:57 GMT" time="0.035" errors="0">
  <testcase name="shouldHasMoreLinesToReadFromBuffer" time="0.015" classname="co.edu.uelbosque.essatueb.sortbigfiles.SorterBigFileTemplateImplementationTesst"/>
  <testcase name="shouldReturnFirstTwoLines" time="0.0" classname="co.edu.uelbosque.essatueb.sortbigfiles.SorterBigFileTemplateImplementationTesst"/>
</testsuite> <!-- Command line test -->
