<?xml version="1.0" encoding="UTF-8"?>
<testng-results skipped="0" failed="0" ignored="0" total="2" passed="2">
  <reporter-output>
  </reporter-output>
  <suite name="co.edu.uelbosque.essatueb.sortbigfiles.SorterBigFileTemplateImplementationTesst" duration-ms="35" started-at="2017-03-16T00:26:56Z" finished-at="2017-03-16T00:26:56Z">
    <groups>
    </groups>
    <test name="Command line test" duration-ms="35" started-at="2017-03-16T00:26:56Z" finished-at="2017-03-16T00:26:56Z">
      <class name="co.edu.uelbosque.essatueb.sortbigfiles.SorterBigFileTemplateImplementationTesst">
        <test-method status="PASS" signature="shouldHasMoreLinesToReadFromBuffer()[pri:0, instance:co.edu.uelbosque.essatueb.sortbigfiles.SorterBigFileTemplateImplementationTesst@7006c658]" name="shouldHasMoreLinesToReadFromBuffer" duration-ms="15" started-at="2017-03-15T19:26:56Z" finished-at="2017-03-15T19:26:56Z">
          <reporter-output>
          </reporter-output>
        </test-method> <!-- shouldHasMoreLinesToReadFromBuffer -->
        <test-method status="PASS" signature="shouldReturnFirstTwoLines()[pri:0, instance:co.edu.uelbosque.essatueb.sortbigfiles.SorterBigFileTemplateImplementationTesst@7006c658]" name="shouldReturnFirstTwoLines" duration-ms="0" started-at="2017-03-15T19:26:56Z" finished-at="2017-03-15T19:26:56Z">
          <reporter-output>
          </reporter-output>
        </test-method> <!-- shouldReturnFirstTwoLines -->
      </class> <!-- co.edu.uelbosque.essatueb.sortbigfiles.SorterBigFileTemplateImplementationTesst -->
    </test> <!-- Command line test -->
  </suite> <!-- co.edu.uelbosque.essatueb.sortbigfiles.SorterBigFileTemplateImplementationTesst -->
</testng-results>
